::1 - - [08/May/2020:00:00:17 +0000] "POST /users HTTP/1.1" 200 30 "-" "PostmanRuntime/7.24.1"
::1 - - [08/May/2020:00:00:19 +0000] "POST /users/login HTTP/1.1" 200 28 "-" "PostmanRuntime/7.24.1"
::1 - - [08/May/2020:00:00:22 +0000] "GET / HTTP/1.1" 500 21 "-" "PostmanRuntime/7.24.1"
::1 - - [08/May/2020:00:00:23 +0000] "GET / HTTP/1.1" 500 21 "-" "PostmanRuntime/7.24.1"
::1 - - [08/May/2020:00:00:23 +0000] "GET / HTTP/1.1" 500 21 "-" "PostmanRuntime/7.24.1"
::1 - - [08/May/2020:00:00:38 +0000] "GET / HTTP/1.1" 500 21 "-" "PostmanRuntime/7.24.1"
::1 - - [08/May/2020:00:00:38 +0000] "GET / HTTP/1.1" 500 21 "-" "PostmanRuntime/7.24.1"
::1 - - [08/May/2020:00:11:14 +0000] "GET /date HTTP/1.1" 200 39 "-" "PostmanRuntime/7.24.1"
::1 - - [08/May/2020:00:12:06 +0000] "GET /date HTTP/1.1" 200 39 "-" "PostmanRuntime/7.24.1"
::1 - - [08/May/2020:00:42:24 +0000] "POST /users HTTP/1.1" 200 30 "-" "PostmanRuntime/7.24.1"
::1 - - [08/May/2020:00:42:32 +0000] "POST /users/login HTTP/1.1" 200 145 "-" "PostmanRuntime/7.24.1"
::1 - - [08/May/2020:01:00:08 +0000] "POST /users HTTP/1.1" 200 30 "-" "PostmanRuntime/7.24.1"
::1 - - [08/May/2020:01:00:11 +0000] "POST /users/login HTTP/1.1" 200 145 "-" "PostmanRuntime/7.24.1"
::1 - - [08/May/2020:01:00:23 +0000] "GET /users HTTP/1.1" 500 21 "-" "PostmanRuntime/7.24.1"
::1 - - [08/May/2020:01:00:57 +0000] "GET /users HTTP/1.1" 500 1593 "-" "PostmanRuntime/7.24.1"
::1 - - [08/May/2020:01:01:25 +0000] "GET /users HTTP/1.1" 500 1593 "-" "PostmanRuntime/7.24.1"
::1 - - [08/May/2020:01:08:50 +0000] "POST /users HTTP/1.1" 200 30 "-" "PostmanRuntime/7.24.1"
::1 - - [08/May/2020:01:08:57 +0000] "POST /users/login HTTP/1.1" 200 145 "-" "PostmanRuntime/7.24.1"
::1 - - [08/May/2020:01:09:10 +0000] "GET /users HTTP/1.1" 500 21 "-" "PostmanRuntime/7.24.1"
::1 - - [08/May/2020:01:09:25 +0000] "GET /users HTTP/1.1" 500 21 "-" "PostmanRuntime/7.24.1"
::1 - - [08/May/2020:01:10:00 +0000] "POST /users HTTP/1.1" 200 30 "-" "PostmanRuntime/7.24.1"
::1 - - [08/May/2020:01:10:04 +0000] "POST /users/login HTTP/1.1" 200 145 "-" "PostmanRuntime/7.24.1"
::1 - - [08/May/2020:01:10:11 +0000] "GET /users HTTP/1.1" 500 21 "-" "PostmanRuntime/7.24.1"
::1 - - [08/May/2020:01:10:20 +0000] "GET /users HTTP/1.1" 500 21 "-" "PostmanRuntime/7.24.1"
::1 - - [08/May/2020:01:46:57 +0000] "POST /users HTTP/1.1" 200 119 "-" "PostmanRuntime/7.24.1"
::1 - - [08/May/2020:01:53:10 +0000] "POST /users HTTP/1.1" 200 119 "-" "PostmanRuntime/7.24.1"
::1 - - [08/May/2020:01:53:11 +0000] "POST /users HTTP/1.1" 200 119 "-" "PostmanRuntime/7.24.1"
::1 - - [08/May/2020:01:53:12 +0000] "POST /users HTTP/1.1" 200 119 "-" "PostmanRuntime/7.24.1"
::1 - - [08/May/2020:01:53:12 +0000] "POST /users HTTP/1.1" 200 119 "-" "PostmanRuntime/7.24.1"
::1 - - [08/May/2020:01:53:12 +0000] "POST /users HTTP/1.1" 200 119 "-" "PostmanRuntime/7.24.1"
::1 - - [08/May/2020:01:53:13 +0000] "POST /users HTTP/1.1" 200 119 "-" "PostmanRuntime/7.24.1"
::1 - - [08/May/2020:01:54:46 +0000] "POST /users HTTP/1.1" 200 119 "-" "PostmanRuntime/7.24.1"
::1 - - [08/May/2020:01:54:46 +0000] "POST /users HTTP/1.1" 200 119 "-" "PostmanRuntime/7.24.1"
::1 - - [08/May/2020:01:54:47 +0000] "POST /users HTTP/1.1" 200 119 "-" "PostmanRuntime/7.24.1"
::1 - - [08/May/2020:01:56:06 +0000] "POST /users/login HTTP/1.1" 500 17 "-" "PostmanRuntime/7.24.1"
::1 - - [08/May/2020:01:59:38 +0000] "POST /users/login HTTP/1.1" 500 17 "-" "PostmanRuntime/7.24.1"
::1 - - [08/May/2020:01:59:41 +0000] "POST /users HTTP/1.1" 200 119 "-" "PostmanRuntime/7.24.1"
::1 - - [08/May/2020:01:59:44 +0000] "POST /users/login HTTP/1.1" 200 145 "-" "PostmanRuntime/7.24.1"
::1 - - [08/May/2020:02:03:18 +0000] "POST /users/login HTTP/1.1" 500 17 "-" "PostmanRuntime/7.24.1"
::1 - - [08/May/2020:02:03:23 +0000] "POST /users HTTP/1.1" 200 119 "-" "PostmanRuntime/7.24.1"
::1 - - [08/May/2020:02:03:34 +0000] "POST /users/login HTTP/1.1" 200 145 "-" "PostmanRuntime/7.24.1"
